<?xml version="1.0" encoding="UTF-8"?>
<testng-results skipped="0" failed="0" ignored="0" total="1" passed="1">
  <reporter-output>
  </reporter-output>
  <suite name="Default suite" duration-ms="22616" started-at="2018-06-26T03:37:53Z" finished-at="2018-06-26T03:38:16Z">
    <groups>
    </groups>
    <test name="Default test" duration-ms="22616" started-at="2018-06-26T03:37:53Z" finished-at="2018-06-26T03:38:16Z">
      <class name="tests.PhpBookAFlightTest">
        <test-method status="PASS" signature="beforeAllTestStart()[pri:0, instance:tests.PhpBookAFlightTest@544fe44c]" name="beforeAllTestStart" is-config="true" duration-ms="49" started-at="2018-06-25T23:37:53Z" finished-at="2018-06-25T23:37:53Z">
          <reporter-output>
          </reporter-output>
        </test-method> <!-- beforeAllTestStart -->
        <test-method status="PASS" signature="beforeEachTestStart()[pri:0, instance:tests.PhpBookAFlightTest@544fe44c]" name="beforeEachTestStart" is-config="true" duration-ms="7365" started-at="2018-06-25T23:37:53Z" finished-at="2018-06-25T23:38:01Z">
          <reporter-output>
          </reporter-output>
        </test-method> <!-- beforeEachTestStart -->
        <test-method status="PASS" signature="OneWayFlight()[pri:0, instance:tests.PhpBookAFlightTest@544fe44c]" name="OneWayFlight" duration-ms="6669" started-at="2018-06-25T23:38:01Z" finished-at="2018-06-25T23:38:07Z">
          <reporter-output>
          </reporter-output>
        </test-method> <!-- OneWayFlight -->
        <test-method status="PASS" signature="afterEachTestComplete(org.testng.ITestResult)[pri:0, instance:tests.PhpBookAFlightTest@544fe44c]" name="afterEachTestComplete" is-config="true" duration-ms="7799" started-at="2018-06-25T23:38:07Z" finished-at="2018-06-25T23:38:15Z">
          <params>
            <param index="0">
              <value>
                <![CDATA[[TestResult name=OneWayFlight status=SUCCESS method=PhpBookAFlightTest.OneWayFlight()[pri:0, instance:tests.PhpBookAFlightTest@544fe44c] output={null}]]]>
              </value>
            </param>
          </params>
          <reporter-output>
          </reporter-output>
        </test-method> <!-- afterEachTestComplete -->
        <test-method status="PASS" signature="afterAllTestsComplete()[pri:0, instance:tests.PhpBookAFlightTest@544fe44c]" name="afterAllTestsComplete" is-config="true" duration-ms="702" started-at="2018-06-25T23:38:15Z" finished-at="2018-06-25T23:38:16Z">
          <reporter-output>
          </reporter-output>
        </test-method> <!-- afterAllTestsComplete -->
      </class> <!-- tests.PhpBookAFlightTest -->
    </test> <!-- Default test -->
  </suite> <!-- Default suite -->
</testng-results>
